<?xml version="1.0" encoding="UTF-8"?>
<testng-results skipped="0" failed="0" ignored="0" total="1" passed="1">
  <reporter-output>
  </reporter-output>
  <suite name="Default suite" duration-ms="7502" started-at="2019-06-14T14:06:53Z" finished-at="2019-06-14T14:07:00Z">
    <groups>
    </groups>
    <test name="Default test" duration-ms="7502" started-at="2019-06-14T14:06:53Z" finished-at="2019-06-14T14:07:00Z">
      <class name="demos.PropertiesDemo">
        <test-method status="PASS" signature="login()[pri:0, instance:demos.PropertiesDemo@735b5592]" name="login" duration-ms="7483" started-at="2019-06-14T14:06:53Z" finished-at="2019-06-14T14:07:00Z">
          <reporter-output>
          </reporter-output>
        </test-method> <!-- login -->
      </class> <!-- demos.PropertiesDemo -->
    </test> <!-- Default test -->
  </suite> <!-- Default suite -->
</testng-results>
